[2023-01-11 16:45:42] Error: Unable to acquire a connection
    at Client_SQLite3.acquireConnection (/app/node_modules/knex/lib/client.js:296:13)
    at Runner.ensureConnection (/app/node_modules/knex/lib/execution/runner.js:259:46)
    at Runner.run (/app/node_modules/knex/lib/execution/runner.js:30:30)
    at Builder.Target.then (/app/node_modules/knex/lib/builder-interface-augmenter.js:24:43)
    at processTicksAndRejections (node:internal/process/task_queues:96:5)
[2023-01-15 01:02:13] KnexTimeoutError: Knex: Timeout acquiring a connection. The pool is probably full. Are you missing a .transacting(trx) call?
    at Client_SQLite3.acquireConnection (/app/node_modules/knex/lib/client.js:305:26)
    at async Runner.ensureConnection (/app/node_modules/knex/lib/execution/runner.js:259:28)
    at async Runner.run (/app/node_modules/knex/lib/execution/runner.js:30:19)
    at async RedBeanNode.normalizeRaw (/app/node_modules/redbean-node/dist/redbean-node.js:588:22)
    at async RedBeanNode.getRow (/app/node_modules/redbean-node/dist/redbean-node.js:574:22)
    at async RedBeanNode.getCell (/app/node_modules/redbean-node/dist/redbean-node.js:609:19)
    at async Function.get (/app/server/settings.js:54:21)
    at async exports.setting (/app/server/util-server.js:364:12)
    at async /app/server/server.js:182:13 {
  sql: 'SELECT `value` FROM setting WHERE `key` = ?  limit ?',
  bindings: [ 'trustProxy', 1 ]
}
[2023-01-16 01:01:57] KnexTimeoutError: Knex: Timeout acquiring a connection. The pool is probably full. Are you missing a .transacting(trx) call?
    at Client_SQLite3.acquireConnection (/app/node_modules/knex/lib/client.js:305:26)
    at async Runner.ensureConnection (/app/node_modules/knex/lib/execution/runner.js:259:28)
    at async Runner.run (/app/node_modules/knex/lib/execution/runner.js:30:19)
    at async RedBeanNode.storeCore (/app/node_modules/redbean-node/dist/redbean-node.js:166:26)
    at async RedBeanNode.store (/app/node_modules/redbean-node/dist/redbean-node.js:126:20)
    at async beat (/app/server/model/monitor.js:709:13)
    at async Timeout.safeBeat [as _onTimeout] (/app/server/model/monitor.js:728:17) {
  sql: undefined,
  bindings: undefined
}
[2023-01-16 02:23:32] KnexTimeoutError: Knex: Timeout acquiring a connection. The pool is probably full. Are you missing a .transacting(trx) call?
    at Client_SQLite3.acquireConnection (/app/node_modules/knex/lib/client.js:305:26)
    at async Runner.ensureConnection (/app/node_modules/knex/lib/execution/runner.js:259:28)
    at async Runner.run (/app/node_modules/knex/lib/execution/runner.js:30:19)
    at async RedBeanNode.find (/app/node_modules/redbean-node/dist/redbean-node.js:483:24)
    at async Timeout.generateMaintenanceTimeslots [as _onTimeout] (/app/server/uptime-kuma-server.js:229:20) {
  sql: undefined,
  bindings: undefined
}
[2023-01-16 02:23:32] KnexTimeoutError: Knex: Timeout acquiring a connection. The pool is probably full. Are you missing a .transacting(trx) call?
    at Client_SQLite3.acquireConnection (/app/node_modules/knex/lib/client.js:305:26)
    at async Runner.ensureConnection (/app/node_modules/knex/lib/execution/runner.js:259:28)
    at async Runner.run (/app/node_modules/knex/lib/execution/runner.js:30:19)
    at async RedBeanNode.find (/app/node_modules/redbean-node/dist/redbean-node.js:483:24)
    at async Timeout.generateMaintenanceTimeslots [as _onTimeout] (/app/server/uptime-kuma-server.js:229:20) {
  sql: undefined,
  bindings: undefined
}
[2023-01-16 02:27:21] KnexTimeoutError: Knex: Timeout acquiring a connection. The pool is probably full. Are you missing a .transacting(trx) call?
    at Client_SQLite3.acquireConnection (/app/node_modules/knex/lib/client.js:305:26)
    at async Runner.ensureConnection (/app/node_modules/knex/lib/execution/runner.js:259:28)
    at async Runner.run (/app/node_modules/knex/lib/execution/runner.js:30:19)
    at async RedBeanNode.normalizeRaw (/app/node_modules/redbean-node/dist/redbean-node.js:588:22)
    at async Function.getNotificationList (/app/server/model/monitor.js:1113:32)
    at async Function.sendNotification (/app/server/model/monitor.js:1079:38)
    at async beat (/app/server/model/monitor.js:660:21)
    at async Timeout.safeBeat [as _onTimeout] (/app/server/model/monitor.js:728:17) {
  sql: 'SELECT notification.* FROM notification, monitor_notification WHERE monitor_id = ? AND monitor_notification.notification_id = notification.id ',
  bindings: [ 2 ]
}
[2023-01-16 02:27:32] KnexTimeoutError: Knex: Timeout acquiring a connection. The pool is probably full. Are you missing a .transacting(trx) call?
    at Client_SQLite3.acquireConnection (/app/node_modules/knex/lib/client.js:305:26)
    at async Runner.ensureConnection (/app/node_modules/knex/lib/execution/runner.js:259:28)
    at async Runner.run (/app/node_modules/knex/lib/execution/runner.js:30:19)
    at async RedBeanNode.find (/app/node_modules/redbean-node/dist/redbean-node.js:483:24)
    at async Timeout.generateMaintenanceTimeslots [as _onTimeout] (/app/server/uptime-kuma-server.js:229:20) {
  sql: undefined,
  bindings: undefined
}
[2023-01-16 02:29:23] KnexTimeoutError: Knex: Timeout acquiring a connection. The pool is probably full. Are you missing a .transacting(trx) call?
    at Client_SQLite3.acquireConnection (/app/node_modules/knex/lib/client.js:305:26)
    at async Runner.ensureConnection (/app/node_modules/knex/lib/execution/runner.js:259:28)
    at async Runner.run (/app/node_modules/knex/lib/execution/runner.js:30:19)
    at async RedBeanNode.normalizeRaw (/app/node_modules/redbean-node/dist/redbean-node.js:588:22)
    at async Function.getNotificationList (/app/server/model/monitor.js:1113:32)
    at async Function.sendNotification (/app/server/model/monitor.js:1079:38)
    at async beat (/app/server/model/monitor.js:660:21)
    at async Timeout.safeBeat [as _onTimeout] (/app/server/model/monitor.js:728:17) {
  sql: 'SELECT notification.* FROM notification, monitor_notification WHERE monitor_id = ? AND monitor_notification.notification_id = notification.id ',
  bindings: [ 2 ]
}
[2023-01-16 02:29:32] KnexTimeoutError: Knex: Timeout acquiring a connection. The pool is probably full. Are you missing a .transacting(trx) call?
    at Client_SQLite3.acquireConnection (/app/node_modules/knex/lib/client.js:305:26)
    at async Runner.ensureConnection (/app/node_modules/knex/lib/execution/runner.js:259:28)
    at async Runner.run (/app/node_modules/knex/lib/execution/runner.js:30:19)
    at async RedBeanNode.find (/app/node_modules/redbean-node/dist/redbean-node.js:483:24)
    at async Timeout.generateMaintenanceTimeslots [as _onTimeout] (/app/server/uptime-kuma-server.js:229:20) {
  sql: undefined,
  bindings: undefined
}
[2023-01-16 02:33:32] KnexTimeoutError: Knex: Timeout acquiring a connection. The pool is probably full. Are you missing a .transacting(trx) call?
    at Client_SQLite3.acquireConnection (/app/node_modules/knex/lib/client.js:305:26)
    at async Runner.ensureConnection (/app/node_modules/knex/lib/execution/runner.js:259:28)
    at async Runner.run (/app/node_modules/knex/lib/execution/runner.js:30:19)
    at async RedBeanNode.find (/app/node_modules/redbean-node/dist/redbean-node.js:483:24)
    at async Timeout.generateMaintenanceTimeslots [as _onTimeout] (/app/server/uptime-kuma-server.js:229:20) {
  sql: undefined,
  bindings: undefined
}
[2023-01-16 02:34:32] KnexTimeoutError: Knex: Timeout acquiring a connection. The pool is probably full. Are you missing a .transacting(trx) call?
    at Client_SQLite3.acquireConnection (/app/node_modules/knex/lib/client.js:305:26)
    at async Runner.ensureConnection (/app/node_modules/knex/lib/execution/runner.js:259:28)
    at async Runner.run (/app/node_modules/knex/lib/execution/runner.js:30:19)
    at async RedBeanNode.find (/app/node_modules/redbean-node/dist/redbean-node.js:483:24)
    at async Timeout.generateMaintenanceTimeslots [as _onTimeout] (/app/server/uptime-kuma-server.js:229:20) {
  sql: undefined,
  bindings: undefined
}
[2023-01-16 02:35:04] KnexTimeoutError: Knex: Timeout acquiring a connection. The pool is probably full. Are you missing a .transacting(trx) call?
    at Client_SQLite3.acquireConnection (/app/node_modules/knex/lib/client.js:305:26)
    at async Runner.ensureConnection (/app/node_modules/knex/lib/execution/runner.js:259:28)
    at async Runner.run (/app/node_modules/knex/lib/execution/runner.js:30:19)
    at async RedBeanNode.normalizeRaw (/app/node_modules/redbean-node/dist/redbean-node.js:588:22)
    at async Function.getNotificationList (/app/server/model/monitor.js:1113:32)
    at async Function.sendNotification (/app/server/model/monitor.js:1079:38)
    at async beat (/app/server/model/monitor.js:660:21)
    at async Timeout.safeBeat [as _onTimeout] (/app/server/model/monitor.js:728:17) {
  sql: 'SELECT notification.* FROM notification, monitor_notification WHERE monitor_id = ? AND monitor_notification.notification_id = notification.id ',
  bindings: [ 2 ]
}
[2023-01-16 02:35:32] KnexTimeoutError: Knex: Timeout acquiring a connection. The pool is probably full. Are you missing a .transacting(trx) call?
    at Client_SQLite3.acquireConnection (/app/node_modules/knex/lib/client.js:305:26)
    at async Runner.ensureConnection (/app/node_modules/knex/lib/execution/runner.js:259:28)
    at async Runner.run (/app/node_modules/knex/lib/execution/runner.js:30:19)
    at async RedBeanNode.find (/app/node_modules/redbean-node/dist/redbean-node.js:483:24)
    at async Timeout.generateMaintenanceTimeslots [as _onTimeout] (/app/server/uptime-kuma-server.js:229:20) {
  sql: undefined,
  bindings: undefined
}
[2023-01-16 02:37:32] KnexTimeoutError: Knex: Timeout acquiring a connection. The pool is probably full. Are you missing a .transacting(trx) call?
    at Client_SQLite3.acquireConnection (/app/node_modules/knex/lib/client.js:305:26)
    at async Runner.ensureConnection (/app/node_modules/knex/lib/execution/runner.js:259:28)
    at async Runner.run (/app/node_modules/knex/lib/execution/runner.js:30:19)
    at async RedBeanNode.find (/app/node_modules/redbean-node/dist/redbean-node.js:483:24)
    at async Timeout.generateMaintenanceTimeslots [as _onTimeout] (/app/server/uptime-kuma-server.js:229:20) {
  sql: undefined,
  bindings: undefined
}
[2023-01-16 02:38:04] KnexTimeoutError: Knex: Timeout acquiring a connection. The pool is probably full. Are you missing a .transacting(trx) call?
    at Client_SQLite3.acquireConnection (/app/node_modules/knex/lib/client.js:305:26)
    at async Runner.ensureConnection (/app/node_modules/knex/lib/execution/runner.js:259:28)
    at async Runner.run (/app/node_modules/knex/lib/execution/runner.js:30:19)
    at async RedBeanNode.normalizeRaw (/app/node_modules/redbean-node/dist/redbean-node.js:588:22)
    at async Function.getNotificationList (/app/server/model/monitor.js:1113:32)
    at async Function.sendNotification (/app/server/model/monitor.js:1079:38)
    at async beat (/app/server/model/monitor.js:660:21)
    at async Timeout.safeBeat [as _onTimeout] (/app/server/model/monitor.js:728:17) {
  sql: 'SELECT notification.* FROM notification, monitor_notification WHERE monitor_id = ? AND monitor_notification.notification_id = notification.id ',
  bindings: [ 2 ]
}
[2023-01-16 02:38:32] KnexTimeoutError: Knex: Timeout acquiring a connection. The pool is probably full. Are you missing a .transacting(trx) call?
    at Client_SQLite3.acquireConnection (/app/node_modules/knex/lib/client.js:305:26)
    at async Runner.ensureConnection (/app/node_modules/knex/lib/execution/runner.js:259:28)
    at async Runner.run (/app/node_modules/knex/lib/execution/runner.js:30:19)
    at async RedBeanNode.find (/app/node_modules/redbean-node/dist/redbean-node.js:483:24)
    at async Timeout.generateMaintenanceTimeslots [as _onTimeout] (/app/server/uptime-kuma-server.js:229:20) {
  sql: undefined,
  bindings: undefined
}
[2023-01-16 02:39:32] KnexTimeoutError: Knex: Timeout acquiring a connection. The pool is probably full. Are you missing a .transacting(trx) call?
    at Client_SQLite3.acquireConnection (/app/node_modules/knex/lib/client.js:305:26)
    at async Runner.ensureConnection (/app/node_modules/knex/lib/execution/runner.js:259:28)
    at async Runner.run (/app/node_modules/knex/lib/execution/runner.js:30:19)
    at async RedBeanNode.find (/app/node_modules/redbean-node/dist/redbean-node.js:483:24)
    at async Timeout.generateMaintenanceTimeslots [as _onTimeout] (/app/server/uptime-kuma-server.js:229:20) {
  sql: undefined,
  bindings: undefined
}
[2023-01-16 02:40:32] KnexTimeoutError: Knex: Timeout acquiring a connection. The pool is probably full. Are you missing a .transacting(trx) call?
    at Client_SQLite3.acquireConnection (/app/node_modules/knex/lib/client.js:305:26)
    at async Runner.ensureConnection (/app/node_modules/knex/lib/execution/runner.js:259:28)
    at async Runner.run (/app/node_modules/knex/lib/execution/runner.js:30:19)
    at async RedBeanNode.find (/app/node_modules/redbean-node/dist/redbean-node.js:483:24)
    at async Timeout.generateMaintenanceTimeslots [as _onTimeout] (/app/server/uptime-kuma-server.js:229:20) {
  sql: undefined,
  bindings: undefined
}
[2023-01-16 02:41:04] KnexTimeoutError: Knex: Timeout acquiring a connection. The pool is probably full. Are you missing a .transacting(trx) call?
    at Client_SQLite3.acquireConnection (/app/node_modules/knex/lib/client.js:305:26)
    at async Runner.ensureConnection (/app/node_modules/knex/lib/execution/runner.js:259:28)
    at async Runner.run (/app/node_modules/knex/lib/execution/runner.js:30:19)
    at async RedBeanNode.normalizeRaw (/app/node_modules/redbean-node/dist/redbean-node.js:588:22)
    at async Function.getNotificationList (/app/server/model/monitor.js:1113:32)
    at async Function.sendNotification (/app/server/model/monitor.js:1079:38)
    at async beat (/app/server/model/monitor.js:660:21)
    at async Timeout.safeBeat [as _onTimeout] (/app/server/model/monitor.js:728:17) {
  sql: 'SELECT notification.* FROM notification, monitor_notification WHERE monitor_id = ? AND monitor_notification.notification_id = notification.id ',
  bindings: [ 2 ]
}
[2023-01-16 02:44:09] KnexTimeoutError: Knex: Timeout acquiring a connection. The pool is probably full. Are you missing a .transacting(trx) call?
    at Client_SQLite3.acquireConnection (/app/node_modules/knex/lib/client.js:305:26)
    at async Runner.ensureConnection (/app/node_modules/knex/lib/execution/runner.js:259:28)
    at async Runner.run (/app/node_modules/knex/lib/execution/runner.js:30:19)
    at async RedBeanNode.storeCore (/app/node_modules/redbean-node/dist/redbean-node.js:166:26)
    at async RedBeanNode.store (/app/node_modules/redbean-node/dist/redbean-node.js:126:20)
    at async beat (/app/server/model/monitor.js:709:13)
    at async Timeout.safeBeat [as _onTimeout] (/app/server/model/monitor.js:728:17) {
  sql: undefined,
  bindings: undefined
}
[2023-01-16 02:44:32] KnexTimeoutError: Knex: Timeout acquiring a connection. The pool is probably full. Are you missing a .transacting(trx) call?
    at Client_SQLite3.acquireConnection (/app/node_modules/knex/lib/client.js:305:26)
    at async Runner.ensureConnection (/app/node_modules/knex/lib/execution/runner.js:259:28)
    at async Runner.run (/app/node_modules/knex/lib/execution/runner.js:30:19)
    at async RedBeanNode.find (/app/node_modules/redbean-node/dist/redbean-node.js:483:24)
    at async Timeout.generateMaintenanceTimeslots [as _onTimeout] (/app/server/uptime-kuma-server.js:229:20) {
  sql: undefined,
  bindings: undefined
}
[2023-01-16 02:45:32] KnexTimeoutError: Knex: Timeout acquiring a connection. The pool is probably full. Are you missing a .transacting(trx) call?
    at Client_SQLite3.acquireConnection (/app/node_modules/knex/lib/client.js:305:26)
    at async Runner.ensureConnection (/app/node_modules/knex/lib/execution/runner.js:259:28)
    at async Runner.run (/app/node_modules/knex/lib/execution/runner.js:30:19)
    at async RedBeanNode.find (/app/node_modules/redbean-node/dist/redbean-node.js:483:24)
    at async Timeout.generateMaintenanceTimeslots [as _onTimeout] (/app/server/uptime-kuma-server.js:229:20) {
  sql: undefined,
  bindings: undefined
}
[2023-01-16 02:46:32] KnexTimeoutError: Knex: Timeout acquiring a connection. The pool is probably full. Are you missing a .transacting(trx) call?
    at Client_SQLite3.acquireConnection (/app/node_modules/knex/lib/client.js:305:26)
    at async Runner.ensureConnection (/app/node_modules/knex/lib/execution/runner.js:259:28)
    at async Runner.run (/app/node_modules/knex/lib/execution/runner.js:30:19)
    at async RedBeanNode.find (/app/node_modules/redbean-node/dist/redbean-node.js:483:24)
    at async Timeout.generateMaintenanceTimeslots [as _onTimeout] (/app/server/uptime-kuma-server.js:229:20) {
  sql: undefined,
  bindings: undefined
}
[2023-01-16 02:47:14] KnexTimeoutError: Knex: Timeout acquiring a connection. The pool is probably full. Are you missing a .transacting(trx) call?
    at Client_SQLite3.acquireConnection (/app/node_modules/knex/lib/client.js:305:26)
    at async Runner.ensureConnection (/app/node_modules/knex/lib/execution/runner.js:259:28)
    at async Runner.run (/app/node_modules/knex/lib/execution/runner.js:30:19)
    at async RedBeanNode.storeCore (/app/node_modules/redbean-node/dist/redbean-node.js:166:26)
    at async RedBeanNode.store (/app/node_modules/redbean-node/dist/redbean-node.js:126:20)
    at async beat (/app/server/model/monitor.js:709:13)
    at async Timeout.safeBeat [as _onTimeout] (/app/server/model/monitor.js:728:17) {
  sql: undefined,
  bindings: undefined
}
[2023-01-16 02:47:32] KnexTimeoutError: Knex: Timeout acquiring a connection. The pool is probably full. Are you missing a .transacting(trx) call?
    at Client_SQLite3.acquireConnection (/app/node_modules/knex/lib/client.js:305:26)
    at async Runner.ensureConnection (/app/node_modules/knex/lib/execution/runner.js:259:28)
    at async Runner.run (/app/node_modules/knex/lib/execution/runner.js:30:19)
    at async RedBeanNode.find (/app/node_modules/redbean-node/dist/redbean-node.js:483:24)
    at async Timeout.generateMaintenanceTimeslots [as _onTimeout] (/app/server/uptime-kuma-server.js:229:20) {
  sql: undefined,
  bindings: undefined
}
[2023-01-16 02:48:32] KnexTimeoutError: Knex: Timeout acquiring a connection. The pool is probably full. Are you missing a .transacting(trx) call?
    at Client_SQLite3.acquireConnection (/app/node_modules/knex/lib/client.js:305:26)
    at async Runner.ensureConnection (/app/node_modules/knex/lib/execution/runner.js:259:28)
    at async Runner.run (/app/node_modules/knex/lib/execution/runner.js:30:19)
    at async RedBeanNode.find (/app/node_modules/redbean-node/dist/redbean-node.js:483:24)
    at async Timeout.generateMaintenanceTimeslots [as _onTimeout] (/app/server/uptime-kuma-server.js:229:20) {
  sql: undefined,
  bindings: undefined
}
[2023-01-16 02:49:32] KnexTimeoutError: Knex: Timeout acquiring a connection. The pool is probably full. Are you missing a .transacting(trx) call?
    at Client_SQLite3.acquireConnection (/app/node_modules/knex/lib/client.js:305:26)
    at async Runner.ensureConnection (/app/node_modules/knex/lib/execution/runner.js:259:28)
    at async Runner.run (/app/node_modules/knex/lib/execution/runner.js:30:19)
    at async RedBeanNode.find (/app/node_modules/redbean-node/dist/redbean-node.js:483:24)
    at async Timeout.generateMaintenanceTimeslots [as _onTimeout] (/app/server/uptime-kuma-server.js:229:20) {
  sql: undefined,
  bindings: undefined
}
[2023-01-16 02:50:32] KnexTimeoutError: Knex: Timeout acquiring a connection. The pool is probably full. Are you missing a .transacting(trx) call?
    at Client_SQLite3.acquireConnection (/app/node_modules/knex/lib/client.js:305:26)
    at async Runner.ensureConnection (/app/node_modules/knex/lib/execution/runner.js:259:28)
    at async Runner.run (/app/node_modules/knex/lib/execution/runner.js:30:19)
    at async RedBeanNode.find (/app/node_modules/redbean-node/dist/redbean-node.js:483:24)
    at async Timeout.generateMaintenanceTimeslots [as _onTimeout] (/app/server/uptime-kuma-server.js:229:20) {
  sql: undefined,
  bindings: undefined
}
[2023-01-16 02:50:34] KnexTimeoutError: Knex: Timeout acquiring a connection. The pool is probably full. Are you missing a .transacting(trx) call?
    at Client_SQLite3.acquireConnection (/app/node_modules/knex/lib/client.js:305:26)
    at async Runner.ensureConnection (/app/node_modules/knex/lib/execution/runner.js:259:28)
    at async Runner.run (/app/node_modules/knex/lib/execution/runner.js:30:19)
    at async RedBeanNode.storeCore (/app/node_modules/redbean-node/dist/redbean-node.js:166:26)
    at async RedBeanNode.store (/app/node_modules/redbean-node/dist/redbean-node.js:126:20)
    at async beat (/app/server/model/monitor.js:709:13)
    at async Timeout.safeBeat [as _onTimeout] (/app/server/model/monitor.js:728:17) {
  sql: undefined,
  bindings: undefined
}
[2023-01-16 02:53:22] KnexTimeoutError: Knex: Timeout acquiring a connection. The pool is probably full. Are you missing a .transacting(trx) call?
    at Client_SQLite3.acquireConnection (/app/node_modules/knex/lib/client.js:305:26)
    at async Runner.ensureConnection (/app/node_modules/knex/lib/execution/runner.js:259:28)
    at async Runner.run (/app/node_modules/knex/lib/execution/runner.js:30:19)
    at async RedBeanNode.storeCore (/app/node_modules/redbean-node/dist/redbean-node.js:166:26)
    at async RedBeanNode.store (/app/node_modules/redbean-node/dist/redbean-node.js:126:20)
    at async beat (/app/server/model/monitor.js:709:13)
    at async Timeout.safeBeat [as _onTimeout] (/app/server/model/monitor.js:728:17) {
  sql: undefined,
  bindings: undefined
}
[2023-01-16 02:53:32] KnexTimeoutError: Knex: Timeout acquiring a connection. The pool is probably full. Are you missing a .transacting(trx) call?
    at Client_SQLite3.acquireConnection (/app/node_modules/knex/lib/client.js:305:26)
    at async Runner.ensureConnection (/app/node_modules/knex/lib/execution/runner.js:259:28)
    at async Runner.run (/app/node_modules/knex/lib/execution/runner.js:30:19)
    at async RedBeanNode.find (/app/node_modules/redbean-node/dist/redbean-node.js:483:24)
    at async Timeout.generateMaintenanceTimeslots [as _onTimeout] (/app/server/uptime-kuma-server.js:229:20) {
  sql: undefined,
  bindings: undefined
}
[2023-01-16 02:54:18] KnexTimeoutError: Knex: Timeout acquiring a connection. The pool is probably full. Are you missing a .transacting(trx) call?
    at Client_SQLite3.acquireConnection (/app/node_modules/knex/lib/client.js:305:26)
    at async Runner.ensureConnection (/app/node_modules/knex/lib/execution/runner.js:259:28)
    at async Runner.run (/app/node_modules/knex/lib/execution/runner.js:30:19)
    at async RedBeanNode.storeCore (/app/node_modules/redbean-node/dist/redbean-node.js:166:26)
    at async RedBeanNode.store (/app/node_modules/redbean-node/dist/redbean-node.js:126:20)
    at async beat (/app/server/model/monitor.js:709:13)
    at async Timeout.safeBeat [as _onTimeout] (/app/server/model/monitor.js:728:17) {
  sql: undefined,
  bindings: undefined
}
[2023-01-16 02:54:32] KnexTimeoutError: Knex: Timeout acquiring a connection. The pool is probably full. Are you missing a .transacting(trx) call?
    at Client_SQLite3.acquireConnection (/app/node_modules/knex/lib/client.js:305:26)
    at async Runner.ensureConnection (/app/node_modules/knex/lib/execution/runner.js:259:28)
    at async Runner.run (/app/node_modules/knex/lib/execution/runner.js:30:19)
    at async RedBeanNode.find (/app/node_modules/redbean-node/dist/redbean-node.js:483:24)
    at async Timeout.generateMaintenanceTimeslots [as _onTimeout] (/app/server/uptime-kuma-server.js:229:20) {
  sql: undefined,
  bindings: undefined
}
[2023-01-16 03:03:09] KnexTimeoutError: Knex: Timeout acquiring a connection. The pool is probably full. Are you missing a .transacting(trx) call?
    at Client_SQLite3.acquireConnection (/app/node_modules/knex/lib/client.js:305:26)
    at runNextTicks (node:internal/process/task_queues:61:5)
    at listOnTimeout (node:internal/timers:528:9)
    at processTimers (node:internal/timers:502:7)
    at async Runner.ensureConnection (/app/node_modules/knex/lib/execution/runner.js:259:28)
    at async Runner.run (/app/node_modules/knex/lib/execution/runner.js:30:19)
    at async RedBeanNode.normalizeRaw (/app/node_modules/redbean-node/dist/redbean-node.js:588:22)
    at async Function.getNotificationList (/app/server/model/monitor.js:1113:32)
    at async Function.sendNotification (/app/server/model/monitor.js:1079:38)
    at async beat (/app/server/model/monitor.js:660:21) {
  sql: 'SELECT notification.* FROM notification, monitor_notification WHERE monitor_id = ? AND monitor_notification.notification_id = notification.id ',
  bindings: [ 1 ]
}
[2023-01-16 03:03:09] KnexTimeoutError: Knex: Timeout acquiring a connection. The pool is probably full. Are you missing a .transacting(trx) call?
    at Client_SQLite3.acquireConnection (/app/node_modules/knex/lib/client.js:305:26)
    at async Runner.ensureConnection (/app/node_modules/knex/lib/execution/runner.js:259:28)
    at async Runner.run (/app/node_modules/knex/lib/execution/runner.js:30:19)
    at async RedBeanNode.storeCore (/app/node_modules/redbean-node/dist/redbean-node.js:166:26)
    at async RedBeanNode.store (/app/node_modules/redbean-node/dist/redbean-node.js:126:20)
    at async beat (/app/server/model/monitor.js:709:13)
    at async Timeout.safeBeat [as _onTimeout] (/app/server/model/monitor.js:728:17) {
  sql: undefined,
  bindings: undefined
}
[2023-01-16 03:04:36] KnexTimeoutError: Knex: Timeout acquiring a connection. The pool is probably full. Are you missing a .transacting(trx) call?
    at Client_SQLite3.acquireConnection (/app/node_modules/knex/lib/client.js:305:26)
    at async Runner.ensureConnection (/app/node_modules/knex/lib/execution/runner.js:259:28)
    at async Runner.run (/app/node_modules/knex/lib/execution/runner.js:30:19)
    at async RedBeanNode.find (/app/node_modules/redbean-node/dist/redbean-node.js:483:24)
    at async Timeout.generateMaintenanceTimeslots [as _onTimeout] (/app/server/uptime-kuma-server.js:229:20) {
  sql: undefined,
  bindings: undefined
}
[2023-01-16 03:07:46] KnexTimeoutError: Knex: Timeout acquiring a connection. The pool is probably full. Are you missing a .transacting(trx) call?
    at Client_SQLite3.acquireConnection (/app/node_modules/knex/lib/client.js:305:26)
    at async Runner.ensureConnection (/app/node_modules/knex/lib/execution/runner.js:259:28)
    at async Runner.run (/app/node_modules/knex/lib/execution/runner.js:30:19)
    at async RedBeanNode.find (/app/node_modules/redbean-node/dist/redbean-node.js:483:24)
    at async Timeout.generateMaintenanceTimeslots [as _onTimeout] (/app/server/uptime-kuma-server.js:229:20) {
  sql: undefined,
  bindings: undefined
}
[2023-01-16 03:08:46] KnexTimeoutError: Knex: Timeout acquiring a connection. The pool is probably full. Are you missing a .transacting(trx) call?
    at Client_SQLite3.acquireConnection (/app/node_modules/knex/lib/client.js:305:26)
    at async Runner.ensureConnection (/app/node_modules/knex/lib/execution/runner.js:259:28)
    at async Runner.run (/app/node_modules/knex/lib/execution/runner.js:30:19)
    at async RedBeanNode.find (/app/node_modules/redbean-node/dist/redbean-node.js:483:24)
    at async Timeout.generateMaintenanceTimeslots [as _onTimeout] (/app/server/uptime-kuma-server.js:229:20) {
  sql: undefined,
  bindings: undefined
}
[2023-01-16 03:08:46] KnexTimeoutError: Knex: Timeout acquiring a connection. The pool is probably full. Are you missing a .transacting(trx) call?
    at Client_SQLite3.acquireConnection (/app/node_modules/knex/lib/client.js:305:26)
    at async Runner.ensureConnection (/app/node_modules/knex/lib/execution/runner.js:259:28)
    at async Runner.run (/app/node_modules/knex/lib/execution/runner.js:30:19)
    at async RedBeanNode.normalizeRaw (/app/node_modules/redbean-node/dist/redbean-node.js:588:22)
    at async Function.getNotificationList (/app/server/model/monitor.js:1113:32)
    at async Function.sendNotification (/app/server/model/monitor.js:1079:38)
    at async beat (/app/server/model/monitor.js:660:21)
    at async Timeout.safeBeat [as _onTimeout] (/app/server/model/monitor.js:728:17) {
  sql: 'SELECT notification.* FROM notification, monitor_notification WHERE monitor_id = ? AND monitor_notification.notification_id = notification.id ',
  bindings: [ 1 ]
}
[2023-01-16 03:09:46] KnexTimeoutError: Knex: Timeout acquiring a connection. The pool is probably full. Are you missing a .transacting(trx) call?
    at Client_SQLite3.acquireConnection (/app/node_modules/knex/lib/client.js:305:26)
    at async Runner.ensureConnection (/app/node_modules/knex/lib/execution/runner.js:259:28)
    at async Runner.run (/app/node_modules/knex/lib/execution/runner.js:30:19)
    at async RedBeanNode.find (/app/node_modules/redbean-node/dist/redbean-node.js:483:24)
    at async Timeout.generateMaintenanceTimeslots [as _onTimeout] (/app/server/uptime-kuma-server.js:229:20) {
  sql: undefined,
  bindings: undefined
}
[2023-01-16 03:22:02] KnexTimeoutError: Knex: Timeout acquiring a connection. The pool is probably full. Are you missing a .transacting(trx) call?
    at Client_SQLite3.acquireConnection (/app/node_modules/knex/lib/client.js:305:26)
    at async Runner.ensureConnection (/app/node_modules/knex/lib/execution/runner.js:259:28)
    at async Runner.run (/app/node_modules/knex/lib/execution/runner.js:30:19)
    at async RedBeanNode.storeCore (/app/node_modules/redbean-node/dist/redbean-node.js:166:26)
    at async RedBeanNode.store (/app/node_modules/redbean-node/dist/redbean-node.js:126:20)
    at async beat (/app/server/model/monitor.js:709:13)
    at async Timeout.safeBeat [as _onTimeout] (/app/server/model/monitor.js:728:17) {
  sql: undefined,
  bindings: undefined
}
[2023-01-16 03:30:31] KnexTimeoutError: Knex: Timeout acquiring a connection. The pool is probably full. Are you missing a .transacting(trx) call?
    at Client_SQLite3.acquireConnection (/app/node_modules/knex/lib/client.js:305:26)
    at async Runner.ensureConnection (/app/node_modules/knex/lib/execution/runner.js:259:28)
    at async Runner.run (/app/node_modules/knex/lib/execution/runner.js:30:19)
    at async RedBeanNode.find (/app/node_modules/redbean-node/dist/redbean-node.js:483:24)
    at async Timeout.generateMaintenanceTimeslots [as _onTimeout] (/app/server/uptime-kuma-server.js:229:20) {
  sql: undefined,
  bindings: undefined
}
[2023-01-16 03:32:31] KnexTimeoutError: Knex: Timeout acquiring a connection. The pool is probably full. Are you missing a .transacting(trx) call?
    at Client_SQLite3.acquireConnection (/app/node_modules/knex/lib/client.js:305:26)
    at async Runner.ensureConnection (/app/node_modules/knex/lib/execution/runner.js:259:28)
    at async Runner.run (/app/node_modules/knex/lib/execution/runner.js:30:19)
    at async RedBeanNode.find (/app/node_modules/redbean-node/dist/redbean-node.js:483:24)
    at async Timeout.generateMaintenanceTimeslots [as _onTimeout] (/app/server/uptime-kuma-server.js:229:20) {
  sql: undefined,
  bindings: undefined
}
[2023-01-16 03:34:31] KnexTimeoutError: Knex: Timeout acquiring a connection. The pool is probably full. Are you missing a .transacting(trx) call?
    at Client_SQLite3.acquireConnection (/app/node_modules/knex/lib/client.js:305:26)
    at async Runner.ensureConnection (/app/node_modules/knex/lib/execution/runner.js:259:28)
    at async Runner.run (/app/node_modules/knex/lib/execution/runner.js:30:19)
    at async RedBeanNode.find (/app/node_modules/redbean-node/dist/redbean-node.js:483:24)
    at async Timeout.generateMaintenanceTimeslots [as _onTimeout] (/app/server/uptime-kuma-server.js:229:20) {
  sql: undefined,
  bindings: undefined
}
[2023-01-16 03:36:20] KnexTimeoutError: Knex: Timeout acquiring a connection. The pool is probably full. Are you missing a .transacting(trx) call?
    at Client_SQLite3.acquireConnection (/app/node_modules/knex/lib/client.js:305:26)
    at async Runner.ensureConnection (/app/node_modules/knex/lib/execution/runner.js:259:28)
    at async Runner.run (/app/node_modules/knex/lib/execution/runner.js:30:19)
    at async RedBeanNode.normalizeRaw (/app/node_modules/redbean-node/dist/redbean-node.js:588:22)
    at async Function.getNotificationList (/app/server/model/monitor.js:1113:32)
    at async Function.sendNotification (/app/server/model/monitor.js:1079:38)
    at async beat (/app/server/model/monitor.js:660:21)
    at async Timeout.safeBeat [as _onTimeout] (/app/server/model/monitor.js:728:17) {
  sql: 'SELECT notification.* FROM notification, monitor_notification WHERE monitor_id = ? AND monitor_notification.notification_id = notification.id ',
  bindings: [ 3 ]
}
[2023-01-16 03:37:31] KnexTimeoutError: Knex: Timeout acquiring a connection. The pool is probably full. Are you missing a .transacting(trx) call?
    at Client_SQLite3.acquireConnection (/app/node_modules/knex/lib/client.js:305:26)
    at async Runner.ensureConnection (/app/node_modules/knex/lib/execution/runner.js:259:28)
    at async Runner.run (/app/node_modules/knex/lib/execution/runner.js:30:19)
    at async RedBeanNode.find (/app/node_modules/redbean-node/dist/redbean-node.js:483:24)
    at async Timeout.generateMaintenanceTimeslots [as _onTimeout] (/app/server/uptime-kuma-server.js:229:20) {
  sql: undefined,
  bindings: undefined
}
[2023-01-16 03:39:31] KnexTimeoutError: Knex: Timeout acquiring a connection. The pool is probably full. Are you missing a .transacting(trx) call?
    at Client_SQLite3.acquireConnection (/app/node_modules/knex/lib/client.js:305:26)
    at async Runner.ensureConnection (/app/node_modules/knex/lib/execution/runner.js:259:28)
    at async Runner.run (/app/node_modules/knex/lib/execution/runner.js:30:19)
    at async RedBeanNode.find (/app/node_modules/redbean-node/dist/redbean-node.js:483:24)
    at async Timeout.generateMaintenanceTimeslots [as _onTimeout] (/app/server/uptime-kuma-server.js:229:20) {
  sql: undefined,
  bindings: undefined
}
[2023-01-16 03:40:02] KnexTimeoutError: Knex: Timeout acquiring a connection. The pool is probably full. Are you missing a .transacting(trx) call?
    at Client_SQLite3.acquireConnection (/app/node_modules/knex/lib/client.js:305:26)
    at async Runner.ensureConnection (/app/node_modules/knex/lib/execution/runner.js:259:28)
    at async Runner.run (/app/node_modules/knex/lib/execution/runner.js:30:19)
    at async RedBeanNode.normalizeRaw (/app/node_modules/redbean-node/dist/redbean-node.js:588:22)
    at async Function.getNotificationList (/app/server/model/monitor.js:1113:32)
    at async Function.sendNotification (/app/server/model/monitor.js:1079:38)
    at async beat (/app/server/model/monitor.js:660:21)
    at async Timeout.safeBeat [as _onTimeout] (/app/server/model/monitor.js:728:17) {
  sql: 'SELECT notification.* FROM notification, monitor_notification WHERE monitor_id = ? AND monitor_notification.notification_id = notification.id ',
  bindings: [ 3 ]
}
[2023-01-16 03:50:31] KnexTimeoutError: Knex: Timeout acquiring a connection. The pool is probably full. Are you missing a .transacting(trx) call?
    at Client_SQLite3.acquireConnection (/app/node_modules/knex/lib/client.js:305:26)
    at async Runner.ensureConnection (/app/node_modules/knex/lib/execution/runner.js:259:28)
    at async Runner.run (/app/node_modules/knex/lib/execution/runner.js:30:19)
    at async RedBeanNode.find (/app/node_modules/redbean-node/dist/redbean-node.js:483:24)
    at async Timeout.generateMaintenanceTimeslots [as _onTimeout] (/app/server/uptime-kuma-server.js:229:20) {
  sql: undefined,
  bindings: undefined
}
[2023-01-16 03:53:31] KnexTimeoutError: Knex: Timeout acquiring a connection. The pool is probably full. Are you missing a .transacting(trx) call?
    at Client_SQLite3.acquireConnection (/app/node_modules/knex/lib/client.js:305:26)
    at async Runner.ensureConnection (/app/node_modules/knex/lib/execution/runner.js:259:28)
    at async Runner.run (/app/node_modules/knex/lib/execution/runner.js:30:19)
    at async RedBeanNode.find (/app/node_modules/redbean-node/dist/redbean-node.js:483:24)
    at async Timeout.generateMaintenanceTimeslots [as _onTimeout] (/app/server/uptime-kuma-server.js:229:20) {
  sql: undefined,
  bindings: undefined
}
[2023-01-16 04:07:31] KnexTimeoutError: Knex: Timeout acquiring a connection. The pool is probably full. Are you missing a .transacting(trx) call?
    at Client_SQLite3.acquireConnection (/app/node_modules/knex/lib/client.js:305:26)
    at async Runner.ensureConnection (/app/node_modules/knex/lib/execution/runner.js:259:28)
    at async Runner.run (/app/node_modules/knex/lib/execution/runner.js:30:19)
    at async RedBeanNode.find (/app/node_modules/redbean-node/dist/redbean-node.js:483:24)
    at async Timeout.generateMaintenanceTimeslots [as _onTimeout] (/app/server/uptime-kuma-server.js:229:20) {
  sql: undefined,
  bindings: undefined
}
[2023-01-16 04:17:35] KnexTimeoutError: Knex: Timeout acquiring a connection. The pool is probably full. Are you missing a .transacting(trx) call?
    at Client_SQLite3.acquireConnection (/app/node_modules/knex/lib/client.js:305:26)
    at async Runner.ensureConnection (/app/node_modules/knex/lib/execution/runner.js:259:28)
    at async Runner.run (/app/node_modules/knex/lib/execution/runner.js:30:19)
    at async RedBeanNode.find (/app/node_modules/redbean-node/dist/redbean-node.js:483:24)
    at async Timeout.generateMaintenanceTimeslots [as _onTimeout] (/app/server/uptime-kuma-server.js:229:20) {
  sql: undefined,
  bindings: undefined
}
[2023-01-16 04:19:33] KnexTimeoutError: Knex: Timeout acquiring a connection. The pool is probably full. Are you missing a .transacting(trx) call?
    at Client_SQLite3.acquireConnection (/app/node_modules/knex/lib/client.js:305:26)
    at runNextTicks (node:internal/process/task_queues:61:5)
    at processTimers (node:internal/timers:499:9)
    at async Runner.ensureConnection (/app/node_modules/knex/lib/execution/runner.js:259:28)
    at async Runner.run (/app/node_modules/knex/lib/execution/runner.js:30:19)
    at async RedBeanNode.find (/app/node_modules/redbean-node/dist/redbean-node.js:483:24)
    at async Timeout.generateMaintenanceTimeslots [as _onTimeout] (/app/server/uptime-kuma-server.js:229:20) {
  sql: undefined,
  bindings: undefined
}
[2023-01-16 04:21:41] KnexTimeoutError: Knex: Timeout acquiring a connection. The pool is probably full. Are you missing a .transacting(trx) call?
    at Client_SQLite3.acquireConnection (/app/node_modules/knex/lib/client.js:305:26)
    at runNextTicks (node:internal/process/task_queues:61:5)
    at listOnTimeout (node:internal/timers:528:9)
    at processTimers (node:internal/timers:502:7)
    at async Runner.ensureConnection (/app/node_modules/knex/lib/execution/runner.js:259:28)
    at async Runner.run (/app/node_modules/knex/lib/execution/runner.js:30:19)
    at async RedBeanNode.find (/app/node_modules/redbean-node/dist/redbean-node.js:483:24)
    at async Timeout.generateMaintenanceTimeslots [as _onTimeout] (/app/server/uptime-kuma-server.js:229:20) {
  sql: undefined,
  bindings: undefined
}
[2023-01-16 04:21:41] KnexTimeoutError: Knex: Timeout acquiring a connection. The pool is probably full. Are you missing a .transacting(trx) call?
    at Client_SQLite3.acquireConnection (/app/node_modules/knex/lib/client.js:305:26)
    at async Runner.ensureConnection (/app/node_modules/knex/lib/execution/runner.js:259:28)
    at async Runner.run (/app/node_modules/knex/lib/execution/runner.js:30:19)
    at async RedBeanNode.normalizeRaw (/app/node_modules/redbean-node/dist/redbean-node.js:588:22)
    at async Function.getNotificationList (/app/server/model/monitor.js:1113:32)
    at async Function.sendNotification (/app/server/model/monitor.js:1079:38)
    at async beat (/app/server/model/monitor.js:660:21)
    at async Timeout.safeBeat [as _onTimeout] (/app/server/model/monitor.js:728:17) {
  sql: 'SELECT notification.* FROM notification, monitor_notification WHERE monitor_id = ? AND monitor_notification.notification_id = notification.id ',
  bindings: [ 2 ]
}
[2023-01-16 04:29:07] KnexTimeoutError: Knex: Timeout acquiring a connection. The pool is probably full. Are you missing a .transacting(trx) call?
    at Client_SQLite3.acquireConnection (/app/node_modules/knex/lib/client.js:305:26)
    at runNextTicks (node:internal/process/task_queues:61:5)
    at listOnTimeout (node:internal/timers:528:9)
    at processTimers (node:internal/timers:502:7)
    at async Runner.ensureConnection (/app/node_modules/knex/lib/execution/runner.js:259:28)
    at async Runner.run (/app/node_modules/knex/lib/execution/runner.js:30:19)
    at async RedBeanNode.find (/app/node_modules/redbean-node/dist/redbean-node.js:483:24)
    at async Timeout.generateMaintenanceTimeslots [as _onTimeout] (/app/server/uptime-kuma-server.js:229:20) {
  sql: undefined,
  bindings: undefined
}
[2023-01-16 04:30:13] KnexTimeoutError: Knex: Timeout acquiring a connection. The pool is probably full. Are you missing a .transacting(trx) call?
    at Client_SQLite3.acquireConnection (/app/node_modules/knex/lib/client.js:305:26)
    at runNextTicks (node:internal/process/task_queues:61:5)
    at listOnTimeout (node:internal/timers:528:9)
    at processTimers (node:internal/timers:502:7)
    at async Runner.ensureConnection (/app/node_modules/knex/lib/execution/runner.js:259:28)
    at async Runner.run (/app/node_modules/knex/lib/execution/runner.js:30:19)
    at async RedBeanNode.find (/app/node_modules/redbean-node/dist/redbean-node.js:483:24)
    at async UptimeKumaServer.getMaintenanceJSONList (/app/server/uptime-kuma-server.js:151:31)
    at async UptimeKumaServer.sendMaintenanceListByUserID (/app/server/uptime-kuma-server.js:138:20) {
  sql: undefined,
  bindings: undefined
}
[2023-01-16 04:30:13] KnexTimeoutError: Knex: Timeout acquiring a connection. The pool is probably full. Are you missing a .transacting(trx) call?
    at Client_SQLite3.acquireConnection (/app/node_modules/knex/lib/client.js:305:26)
    at async Runner.ensureConnection (/app/node_modules/knex/lib/execution/runner.js:259:28)
    at async Runner.run (/app/node_modules/knex/lib/execution/runner.js:30:19)
    at async RedBeanNode.storeCore (/app/node_modules/redbean-node/dist/redbean-node.js:166:26)
    at async RedBeanNode.store (/app/node_modules/redbean-node/dist/redbean-node.js:126:20)
    at async beat (/app/server/model/monitor.js:709:13)
    at async Timeout.safeBeat [as _onTimeout] (/app/server/model/monitor.js:728:17) {
  sql: undefined,
  bindings: undefined
}
